<?xml version="1.0" encoding="UTF-8"?>
<!-- Generated by org.testng.reporters.JUnitReportReporter -->
<testsuite hostname="CBT-MH-000" name="PHP.FlightPage" tests="1" failures="0" timestamp="31 Oct 2019 07:15:18 GMT" time="33.031" errors="0">
  <testcase name="method" time="33.031" classname="PHP.FlightPage"/>
</testsuite> <!-- PHP.FlightPage -->
