<?xml version="1.0" encoding="UTF-8"?>
<!-- Generated by org.testng.reporters.JUnitReportReporter -->
<testsuite hostname="CBT-MH-000" name="PHPTravels.RegistrationPage" tests="1" failures="0" timestamp="30 Oct 2019 11:52:17 GMT" time="37.032" errors="0">
  <testcase name="method" time="37.032" classname="PHPTravels.RegistrationPage"/>
</testsuite> <!-- PHPTravels.RegistrationPage -->
