<?xml version="1.0" encoding="UTF-8"?>
<!-- Generated by org.testng.reporters.JUnitReportReporter -->
<testsuite skipped="0" hostname="CBT-MH-000" name="Testpackage.Testcase" tests="2" failures="0" timestamp="03 Oct 2019 09:54:22 GMT" time="38.930" errors="0">
  <testcase name="basePageNavigation" time="15.694" classname="Testpackage.Testcase"/>
  <testcase name="basePageNavigation" time="23.236" classname="Testpackage.Testcase"/>
</testsuite> <!-- Testpackage.Testcase -->
