<?xml version="1.0" encoding="UTF-8"?>
<!-- Generated by org.testng.reporters.JUnitReportReporter -->
<testsuite skipped="0" hostname="CBT-MH-000" name="PHPTravels.Operations" tests="1" failures="0" timestamp="04 Oct 2019 06:35:43 GMT" time="14.976" errors="0">
  <testcase name="browser" time="14.976" classname="PHPTravels.Operations"/>
</testsuite> <!-- PHPTravels.Operations -->
