<?xml version="1.0" encoding="UTF-8"?>
<!-- Generated by org.testng.reporters.JUnitReportReporter -->
<testsuite hostname="CBT-MH-000" name="PHPTravels.Loginpage" tests="1" failures="0" timestamp="30 Oct 2019 10:11:55 GMT" time="21.788" errors="0">
  <testcase name="method" time="21.788" classname="PHPTravels.Loginpage"/>
</testsuite> <!-- PHPTravels.Loginpage -->
