<?xml version="1.0" encoding="UTF-8"?>
<!-- Generated by org.testng.reporters.JUnitReportReporter -->
<testsuite hostname="CBT-MH-000" name="PHP.RegistrationPage" tests="1" failures="0" timestamp="31 Oct 2019 05:58:41 GMT" time="18.256" errors="0">
  <testcase name="method" time="18.256" classname="PHP.RegistrationPage"/>
</testsuite> <!-- PHP.RegistrationPage -->
