<?xml version="1.0" encoding="UTF-8"?>
<!-- Generated by org.testng.reporters.JUnitReportReporter -->
<testsuite hostname="CBT-MH-000" name="PHPTravels.FlightPage" tests="1" failures="0" timestamp="30 Oct 2019 10:11:54 GMT" time="48.238" errors="0">
  <testcase name="method" time="48.238" classname="PHPTravels.FlightPage"/>
</testsuite> <!-- PHPTravels.FlightPage -->
